<?xml version="1.0" encoding="UTF-8"?>
<!-- Generated by org.testng.reporters.JUnitReportReporter -->
<testsuite hostname="Elint" failures="0" tests="2" name="Tests.SearchBarTest" time="3.081" errors="0" timestamp="2025-10-27T23:02:32 IST" skipped="1">
  <testcase classname="Tests.SearchBarTest" name="searchRel" time="3.081"/>
  <testcase classname="Tests.SearchBarTest" name="searchMovie">
    <skipped/>
  </testcase> <!-- searchMovie -->
</testsuite> <!-- Tests.SearchBarTest -->
