<?xml version="1.0" encoding="UTF-8"?>
<!-- Generated by org.testng.reporters.JUnitReportReporter -->
<testsuite hostname="Elint" failures="0" tests="3" name="Tests.SearchBarTest" time="17.414" errors="0" timestamp="2025-10-28T12:10:12 IST" skipped="2">
  <testcase classname="Tests.SearchBarTest" name="filterGenereAction" time="17.414"/>
  <testcase classname="Tests.SearchBarTest" name="searchMovie">
    <skipped/>
  </testcase> <!-- searchMovie -->
  <testcase classname="Tests.SearchBarTest" name="searchRel">
    <skipped/>
  </testcase> <!-- searchRel -->
</testsuite> <!-- Tests.SearchBarTest -->
