<?xml version="1.0" encoding="UTF-8"?>
<!-- Generated by org.testng.reporters.JUnitReportReporter -->
<testsuite hostname="Elint" failures="0" tests="9" name="Tests.HomepageTest" time="7.391" errors="0" timestamp="2025-10-27T18:55:08 IST" skipped="7">
  <testcase classname="Tests.HomepageTest" name="footerVerification" time="6.820"/>
  <testcase classname="Tests.HomepageTest" name="selectPopularCity" time="0.571"/>
  <testcase classname="Tests.HomepageTest" name="detailsOfProgram">
    <skipped/>
  </testcase> <!-- detailsOfProgram -->
  <testcase classname="Tests.HomepageTest" name="changeCity">
    <skipped/>
  </testcase> <!-- changeCity -->
  <testcase classname="Tests.HomepageTest" name="searchAndActiveFunctionality">
    <skipped/>
  </testcase> <!-- searchAndActiveFunctionality -->
  <testcase classname="Tests.HomepageTest" name="selectCityOnSearch">
    <skipped/>
  </testcase> <!-- selectCityOnSearch -->
  <testcase classname="Tests.HomepageTest" name="checkProgram">
    <skipped/>
  </testcase> <!-- checkProgram -->
  <testcase classname="Tests.HomepageTest" name="veiwingAllCities">
    <skipped/>
  </testcase> <!-- veiwingAllCities -->
  <testcase classname="Tests.HomepageTest" name="clickAndClose">
    <skipped/>
  </testcase> <!-- clickAndClose -->
</testsuite> <!-- Tests.HomepageTest -->
