<?xml version="1.0" encoding="UTF-8"?>
<!-- Generated by org.testng.reporters.JUnitReportReporter -->
<testsuite hostname="Elint" failures="0" tests="6" name="Tests.HomepageTest" time="1.350" errors="0" timestamp="2025-10-27T13:10:25 IST" skipped="4">
  <testcase classname="Tests.HomepageTest" name="changeCity" time="0.733"/>
  <testcase classname="Tests.HomepageTest" name="selectPopularCity" time="0.617"/>
  <testcase classname="Tests.HomepageTest" name="selectCityOnSearch">
    <skipped/>
  </testcase> <!-- selectCityOnSearch -->
  <testcase classname="Tests.HomepageTest" name="clickAndClose">
    <skipped/>
  </testcase> <!-- clickAndClose -->
  <testcase classname="Tests.HomepageTest" name="veiwingAllCities">
    <skipped/>
  </testcase> <!-- veiwingAllCities -->
  <testcase classname="Tests.HomepageTest" name="checkProgram">
    <skipped/>
  </testcase> <!-- checkProgram -->
</testsuite> <!-- Tests.HomepageTest -->
