<?xml version="1.0" encoding="UTF-8"?>
<!-- Generated by org.testng.reporters.JUnitReportReporter -->
<testsuite hostname="Elint" failures="0" tests="1" name="Tests.SearchBarTest" time="1.890" errors="0" timestamp="2025-10-27T22:33:44 IST" skipped="0">
  <testcase classname="Tests.SearchBarTest" name="searchMovie" time="1.890"/>
</testsuite> <!-- Tests.SearchBarTest -->
