<?xml version="1.0" encoding="UTF-8"?>
<!-- Generated by org.testng.reporters.JUnitReportReporter -->
<testsuite hostname="Elint" failures="0" tests="1" name="Tests.test1" time="0.682" errors="0" timestamp="2025-10-24T22:43:30 IST" skipped="0">
  <testcase classname="Tests.test1" name="testCase01" time="0.682"/>
</testsuite> <!-- Tests.test1 -->
