<?xml version="1.0" encoding="UTF-8"?>
<!-- Generated by org.testng.reporters.JUnitReportReporter -->
<testsuite hostname="Elint" failures="0" tests="8" name="Tests.HomepageTest" time="155.465" errors="0" timestamp="2025-10-27T17:45:40 IST" skipped="6">
  <testcase classname="Tests.HomepageTest" name="detailsOfProgram" time="154.157"/>
  <testcase classname="Tests.HomepageTest" name="selectPopularCity" time="1.308"/>
  <testcase classname="Tests.HomepageTest" name="checkProgram">
    <skipped/>
  </testcase> <!-- checkProgram -->
  <testcase classname="Tests.HomepageTest" name="clickAndClose">
    <skipped/>
  </testcase> <!-- clickAndClose -->
  <testcase classname="Tests.HomepageTest" name="veiwingAllCities">
    <skipped/>
  </testcase> <!-- veiwingAllCities -->
  <testcase classname="Tests.HomepageTest" name="changeCity">
    <skipped/>
  </testcase> <!-- changeCity -->
  <testcase classname="Tests.HomepageTest" name="searchAndActiveFunctionality">
    <skipped/>
  </testcase> <!-- searchAndActiveFunctionality -->
  <testcase classname="Tests.HomepageTest" name="selectCityOnSearch">
    <skipped/>
  </testcase> <!-- selectCityOnSearch -->
</testsuite> <!-- Tests.HomepageTest -->
