<?xml version="1.0" encoding="UTF-8"?>
<!-- Generated by org.testng.reporters.JUnitReportReporter -->
<testsuite hostname="Elint" failures="0" tests="4" name="Tests.HomepageTest" time="11.521" errors="0" timestamp="2025-10-25T22:55:23 IST" skipped="3">
  <testcase classname="Tests.HomepageTest" name="clickAndClose" time="11.521"/>
  <testcase classname="Tests.HomepageTest" name="selectPopularCity">
    <skipped/>
  </testcase> <!-- selectPopularCity -->
  <testcase classname="Tests.HomepageTest" name="veiwingAllCities">
    <skipped/>
  </testcase> <!-- veiwingAllCities -->
  <testcase classname="Tests.HomepageTest" name="selectCityOnSearch">
    <skipped/>
  </testcase> <!-- selectCityOnSearch -->
</testsuite> <!-- Tests.HomepageTest -->
